<?xml version="1.0" encoding="UTF-8"?>
<coverage generated="1689703354596" clover="3.2.0">
  <project timestamp="1689703354596" name="All files">
    <metrics statements="7" coveredstatements="5" conditionals="2" coveredconditionals="2" methods="3" coveredmethods="1" elements="12" coveredelements="8" complexity="0" loc="7" ncloc="7" packages="1" files="2" classes="2"/>
    <file name="App.tsx" path="C:\Users\eokez\Desktop\jest-with-vite-main\src\App.tsx">
      <metrics statements="6" coveredstatements="5" conditionals="2" coveredconditionals="2" methods="3" coveredmethods="1"/>
      <line num="1" count="1" type="stmt"/>
      <line num="2" count="1" type="stmt"/>
      <line num="3" count="1" type="stmt"/>
      <line num="6" count="1" type="stmt"/>
      <line num="16" count="0" type="stmt"/>
      <line num="47" count="1" type="stmt"/>
    </file>
    <file name="main.tsx" path="C:\Users\eokez\Desktop\jest-with-vite-main\src\main.tsx">
      <metrics statements="1" coveredstatements="0" conditionals="0" coveredconditionals="0" methods="0" coveredmethods="0"/>
      <line num="6" count="0" type="stmt"/>
    </file>
  </project>
</coverage>
