{"C:\\Users\\eokez\\Desktop\\jest-with-vite-main\\src\\App.tsx": {"path":"C:\\Users\\eokez\\Desktop\\jest-with-vite-main\\src\\App.tsx","statementMap":{"0":{"start":{"line":47,"column":0},"end":{"line":47,"column":15}},"1":{"start":{"line":1,"column":25},"end":{"line":1,"column":null}},"2":{"start":{"line":2,"column":17},"end":{"line":2,"column":null}},"3":{"start":{"line":3,"column":7},"end":{"line":3,"column":null}},"4":{"start":{"line":6,"column":28},"end":{"line":6,"column":null}},"5":{"start":{"line":16,"column":47},"end":{"line":16,"column":79}},"6":{"start":{"line":16,"column":67},"end":{"line":16,"column":79}},"7":{"start":{"line":47,"column":15},"end":{"line":47,"column":null}}},"fnMap":{"0":{"name":"App","decl":{"start":{"line":5,"column":9},"end":{"line":5,"column":null}},"loc":{"start":{"line":5,"column":9},"end":{"line":45,"column":null}}},"1":{"name":"(anonymous_3)","decl":{"start":{"line":16,"column":41},"end":{"line":16,"column":47}},"loc":{"start":{"line":16,"column":47},"end":{"line":16,"column":79}}},"2":{"name":"(anonymous_4)","decl":{"start":{"line":16,"column":56},"end":{"line":16,"column":57}},"loc":{"start":{"line":16,"column":67},"end":{"line":16,"column":79}}}},"branchMap":{"0":{"loc":{"start":{"line":13,"column":10},"end":{"line":13,"column":null}},"type":"binary-expr","locations":[{"start":{"line":13,"column":10},"end":{"line":13,"column":45}},{"start":{"line":13,"column":49},"end":{"line":13,"column":null}}]}},"s":{"0":1,"1":1,"2":1,"3":1,"4":1,"5":0,"6":0,"7":1},"f":{"0":1,"1":0,"2":0},"b":{"0":[1,1]}}
,"C:\\Users\\eokez\\Desktop\\jest-with-vite-main\\src\\main.tsx": {"path":"C:\\Users\\eokez\\Desktop\\jest-with-vite-main\\src\\main.tsx","statementMap":{"0":{"start":{"line":6,"column":0},"end":{"line":10,"column":null}}},"fnMap":{},"branchMap":{},"s":{"0":0},"f":{},"b":{}}
}
